<?xml version="1.0" encoding="UTF-8"?>
<testsuite name="ChatMessageTest" tests="4" skipped="0" failures="0" errors="0" timestamp="2024-11-11T17:40:35" hostname="SANTIMSI" time="0.023">
  <properties/>
  <testcase name="getFieldModifiers_arePrivate()" classname="ChatMessageTest" time="0.017"/>
  <testcase name="getMethods_retrieveClassFields_unchangedSinceConstruction()" classname="ChatMessageTest" time="0.003"/>
  <testcase name="getFieldModifiers_areFinal()" classname="ChatMessageTest" time="0.0"/>
  <testcase name="getClassModifiers_isFinal()" classname="ChatMessageTest" time="0.0"/>
  <system-out><![CDATA[]]></system-out>
  <system-err><![CDATA[]]></system-err>
</testsuite>
